<?xml version="1.0" encoding="UTF-8"?>
<testng-results ignored="0" total="3" passed="3" failed="0" skipped="0">
  <reporter-output>
  </reporter-output>
  <suite started-at="2025-08-05T22:23:32 IST" name="Suite" finished-at="2025-08-05T22:24:18 IST" duration-ms="46163">
    <groups>
    </groups>
    <test started-at="2025-08-05T22:23:32 IST" name="ChromeTest" finished-at="2025-08-05T22:24:05 IST" duration-ms="33623">
      <class name="SeleniumGrid.AmazonWebUsingParallelTest">
        <test-method signature="crossBrowserTest(java.lang.String)[pri:0, instance:SeleniumGrid.AmazonWebUsingParallelTest@1fa268de]" started-at="2025-08-05T22:23:32 IST" name="crossBrowserTest" finished-at="2025-08-05T22:24:04 IST" duration-ms="32029" status="PASS">
          <params>
            <param index="0">
              <value>
                <![CDATA[Chrome]]>
              </value>
            </param>
          </params>
          <reporter-output>
          </reporter-output>
        </test-method> <!-- crossBrowserTest -->
        <test-method is-config="true" signature="closeBrowser()[pri:0, instance:SeleniumGrid.AmazonWebUsingParallelTest@1fa268de]" started-at="2025-08-05T22:24:04 IST" name="closeBrowser" finished-at="2025-08-05T22:24:05 IST" duration-ms="1454" status="PASS">
          <reporter-output>
          </reporter-output>
        </test-method> <!-- closeBrowser -->
      </class> <!-- SeleniumGrid.AmazonWebUsingParallelTest -->
    </test> <!-- ChromeTest -->
    <test started-at="2025-08-05T22:23:32 IST" name="EdgeTest" finished-at="2025-08-05T22:24:11 IST" duration-ms="39399">
      <class name="SeleniumGrid.AmazonWebUsingParallelTest">
        <test-method signature="crossBrowserTest(java.lang.String)[pri:0, instance:SeleniumGrid.AmazonWebUsingParallelTest@4ec4f3a0]" started-at="2025-08-05T22:23:32 IST" name="crossBrowserTest" finished-at="2025-08-05T22:24:09 IST" duration-ms="37404" status="PASS">
          <params>
            <param index="0">
              <value>
                <![CDATA[Edge]]>
              </value>
            </param>
          </params>
          <reporter-output>
          </reporter-output>
        </test-method> <!-- crossBrowserTest -->
        <test-method is-config="true" signature="closeBrowser()[pri:0, instance:SeleniumGrid.AmazonWebUsingParallelTest@4ec4f3a0]" started-at="2025-08-05T22:24:09 IST" name="closeBrowser" finished-at="2025-08-05T22:24:11 IST" duration-ms="1868" status="PASS">
          <reporter-output>
          </reporter-output>
        </test-method> <!-- closeBrowser -->
      </class> <!-- SeleniumGrid.AmazonWebUsingParallelTest -->
    </test> <!-- EdgeTest -->
    <test started-at="2025-08-05T22:23:32 IST" name="FirefoxTest" finished-at="2025-08-05T22:24:18 IST" duration-ms="46159">
      <class name="SeleniumGrid.AmazonWebUsingParallelTest">
        <test-method signature="crossBrowserTest(java.lang.String)[pri:0, instance:SeleniumGrid.AmazonWebUsingParallelTest@6adbc9d]" started-at="2025-08-05T22:23:32 IST" name="crossBrowserTest" finished-at="2025-08-05T22:24:15 IST" duration-ms="42901" status="PASS">
          <params>
            <param index="0">
              <value>
                <![CDATA[Firefox]]>
              </value>
            </param>
          </params>
          <reporter-output>
          </reporter-output>
        </test-method> <!-- crossBrowserTest -->
        <test-method is-config="true" signature="closeBrowser()[pri:0, instance:SeleniumGrid.AmazonWebUsingParallelTest@6adbc9d]" started-at="2025-08-05T22:24:15 IST" name="closeBrowser" finished-at="2025-08-05T22:24:18 IST" duration-ms="3139" status="PASS">
          <reporter-output>
          </reporter-output>
        </test-method> <!-- closeBrowser -->
      </class> <!-- SeleniumGrid.AmazonWebUsingParallelTest -->
    </test> <!-- FirefoxTest -->
  </suite> <!-- Suite -->
</testng-results>
