<?xml version="1.0" encoding="UTF-8"?>
<testsuite xmlns:xsi="http://www.w3.org/2001/XMLSchema-instance" xsi:noNamespaceSchemaLocation="https://maven.apache.org/surefire/maven-surefire-plugin/xsd/surefire-test-report-3.0.xsd" version="3.0" name="TestSuite" time="48.179" tests="3" errors="0" skipped="0" failures="0">
  <properties>
[...]
</properties>
  <testcase name="crossBrowserTest[Chrome](1)" classname="SeleniumGrid.AmazonWebUsingParallelTest" time="32.034">
    <system-out><![CDATA[The remote driver connectivity is about to start
The remote driver connectivity is about to start
The remote driver connectivity is about to start
Session created on Chrome
Remote Driver connectivity is completed successfully
Session created on Edge
Remote Driver connectivity is completed successfully
Session created on Firefox
Remote Driver connectivity is completed successfully
The title of the page is: Online Shopping site in India: Shop Online for Mobiles, Books, Watches, Shoes and More - Amazon.in
]]></system-out>
    <system-err><![CDATA[SLF4J(W): No SLF4J providers were found.
SLF4J(W): Defaulting to no-operation (NOP) logger implementation
SLF4J(W): See https://www.slf4j.org/codes.html#noProviders for further details.
Aug 05, 2025 10:23:32 PM org.openqa.selenium.remote.tracing.opentelemetry.OpenTelemetryTracer createTracer
INFO: Using OpenTelemetry for tracing
]]></system-err>
  </testcase>
  <testcase name="crossBrowserTest[Edge](1)" classname="SeleniumGrid.AmazonWebUsingParallelTest" time="37.407">
    <system-out><![CDATA[The title of the page is: Online Shopping site in India: Shop Online for Mobiles, Books, Watches, Shoes and More - Amazon.in
]]></system-out>
  </testcase>
  <testcase name="crossBrowserTest[Firefox](1)" classname="SeleniumGrid.AmazonWebUsingParallelTest" time="42.893">
    <system-out><![CDATA[The title of the page is: Online Shopping site in India: Shop Online for Mobiles, Books, Watches, Shoes and More - Amazon.in
]]></system-out>
  </testcase>
</testsuite>