<?xml version="1.0" encoding="UTF-8"?>
<testng-results ignored="0" total="3" passed="3" failed="0" skipped="0">
  <reporter-output>
  </reporter-output>
  <suite started-at="2025-08-05T22:20:19 IST" name="Suite" finished-at="2025-08-05T22:21:00 IST" duration-ms="40234">
    <groups>
    </groups>
    <test started-at="2025-08-05T22:20:19 IST" name="ChromeTest" finished-at="2025-08-05T22:20:47 IST" duration-ms="27857">
      <class name="SeleniumGrid.AmazonWebUsingParallelTest">
        <test-method signature="crossBrowserTest(java.lang.String)[pri:0, instance:SeleniumGrid.AmazonWebUsingParallelTest@1fa268de]" started-at="2025-08-05T22:20:19 IST" name="crossBrowserTest" finished-at="2025-08-05T22:20:46 IST" duration-ms="26891" status="PASS">
          <params>
            <param index="0">
              <value>
                <![CDATA[Chrome]]>
              </value>
            </param>
          </params>
          <reporter-output>
          </reporter-output>
        </test-method> <!-- crossBrowserTest -->
        <test-method is-config="true" signature="closeBrowser()[pri:0, instance:SeleniumGrid.AmazonWebUsingParallelTest@1fa268de]" started-at="2025-08-05T22:20:46 IST" name="closeBrowser" finished-at="2025-08-05T22:20:47 IST" duration-ms="851" status="PASS">
          <reporter-output>
          </reporter-output>
        </test-method> <!-- closeBrowser -->
      </class> <!-- SeleniumGrid.AmazonWebUsingParallelTest -->
    </test> <!-- ChromeTest -->
    <test started-at="2025-08-05T22:20:19 IST" name="EdgeTest" finished-at="2025-08-05T22:20:52 IST" duration-ms="32478">
      <class name="SeleniumGrid.AmazonWebUsingParallelTest">
        <test-method signature="crossBrowserTest(java.lang.String)[pri:0, instance:SeleniumGrid.AmazonWebUsingParallelTest@4ec4f3a0]" started-at="2025-08-05T22:20:19 IST" name="crossBrowserTest" finished-at="2025-08-05T22:20:51 IST" duration-ms="31697" status="PASS">
          <params>
            <param index="0">
              <value>
                <![CDATA[Edge]]>
              </value>
            </param>
          </params>
          <reporter-output>
          </reporter-output>
        </test-method> <!-- crossBrowserTest -->
        <test-method is-config="true" signature="closeBrowser()[pri:0, instance:SeleniumGrid.AmazonWebUsingParallelTest@4ec4f3a0]" started-at="2025-08-05T22:20:51 IST" name="closeBrowser" finished-at="2025-08-05T22:20:52 IST" duration-ms="677" status="PASS">
          <reporter-output>
          </reporter-output>
        </test-method> <!-- closeBrowser -->
      </class> <!-- SeleniumGrid.AmazonWebUsingParallelTest -->
    </test> <!-- EdgeTest -->
    <test started-at="2025-08-05T22:20:19 IST" name="FirefoxTest" finished-at="2025-08-05T22:21:00 IST" duration-ms="40234">
      <class name="SeleniumGrid.AmazonWebUsingParallelTest">
        <test-method signature="crossBrowserTest(java.lang.String)[pri:0, instance:SeleniumGrid.AmazonWebUsingParallelTest@6adbc9d]" started-at="2025-08-05T22:20:19 IST" name="crossBrowserTest" finished-at="2025-08-05T22:20:57 IST" duration-ms="37896" status="PASS">
          <params>
            <param index="0">
              <value>
                <![CDATA[Firefox]]>
              </value>
            </param>
          </params>
          <reporter-output>
          </reporter-output>
        </test-method> <!-- crossBrowserTest -->
        <test-method is-config="true" signature="closeBrowser()[pri:0, instance:SeleniumGrid.AmazonWebUsingParallelTest@6adbc9d]" started-at="2025-08-05T22:20:57 IST" name="closeBrowser" finished-at="2025-08-05T22:21:00 IST" duration-ms="2236" status="PASS">
          <reporter-output>
          </reporter-output>
        </test-method> <!-- closeBrowser -->
      </class> <!-- SeleniumGrid.AmazonWebUsingParallelTest -->
    </test> <!-- FirefoxTest -->
  </suite> <!-- Suite -->
</testng-results>
